<?xml version="1.0" encoding="UTF-8"?>
<!-- Generated by org.testng.reporters.JUnitReportReporter -->
<testsuite hostname="LAPTOP-AFKI2CGS" failures="0" tests="1" name="UserActions.Register" time="21.494" errors="0" timestamp="2021-08-30T21:04:25 IST" skipped="0">
  <testcase classname="UserActions.Register" name="register" time="21.494"/>
  <system-out/>
</testsuite> <!-- UserActions.Register -->
