<?xml version="1.0" encoding="UTF-8"?>
<!-- Generated by org.testng.reporters.JUnitReportReporter -->
<testsuite hostname="LAPTOP-AFKI2CGS" failures="0" tests="1" name="UserActions.EditProfile" time="31.048" errors="0" timestamp="2021-08-30T20:54:28 IST" skipped="0">
  <testcase classname="UserActions.EditProfile" name="EditPorfile" time="31.048"/>
  <system-out/>
</testsuite> <!-- UserActions.EditProfile -->
