<?xml version="1.0" encoding="UTF-8"?>
<!-- Generated by org.testng.reporters.JUnitReportReporter -->
<testsuite hostname="LAPTOP-AFKI2CGS" failures="0" tests="1" name="UserActions.TransferMoney" time="32.127" errors="0" timestamp="2021-08-30T21:14:50 IST" skipped="0">
  <testcase classname="UserActions.TransferMoney" name="TransferMoney" time="32.127"/>
  <system-out/>
</testsuite> <!-- UserActions.TransferMoney -->
