<?xml version="1.0" encoding="UTF-8"?>
<!-- Generated by org.testng.reporters.JUnitReportReporter -->
<testsuite hostname="LAPTOP-AFKI2CGS" failures="0" tests="1" name="UserActions.TransferHistory" time="31.586" errors="0" timestamp="2021-08-30T21:11:59 IST" skipped="0">
  <testcase classname="UserActions.TransferHistory" name="TransactionHistory" time="31.586"/>
  <system-out/>
</testsuite> <!-- UserActions.TransferHistory -->
