<?xml version="1.0" encoding="UTF-8"?>
<!-- Generated by org.testng.reporters.JUnitReportReporter -->
<testsuite hostname="LAPTOP-AFKI2CGS" failures="0" tests="1" name="UserActions.TransactionHistory" time="31.826" errors="0" timestamp="2021-08-30T21:08:40 IST" skipped="0">
  <testcase classname="UserActions.TransactionHistory" name="TransactionHistory" time="31.826"/>
  <system-out/>
</testsuite> <!-- UserActions.TransactionHistory -->
