<?xml version="1.0" encoding="UTF-8"?>
<!-- Generated by org.testng.reporters.JUnitReportReporter -->
<testsuite hostname="LAPTOP-AFKI2CGS" failures="0" tests="1" name="test.LoginTest" time="24.101" errors="0" timestamp="2021-08-31T21:06:51 IST" skipped="0">
  <testcase classname="test.LoginTest" name="TestCase1" time="24.101"/>
  <system-out/>
</testsuite> <!-- test.LoginTest -->
