<?xml version="1.0" encoding="UTF-8"?>
<!-- Generated by org.testng.reporters.JUnitReportReporter -->
<testsuite hostname="LAPTOP-AFKI2CGS" failures="0" tests="1" name="TestNg.LoginTest" time="33.359" errors="0" timestamp="2021-08-31T22:36:51 IST" skipped="0">
  <testcase classname="TestNg.LoginTest" name="TestCase1" time="33.359"/>
  <system-out/>
</testsuite> <!-- TestNg.LoginTest -->
