<?xml version="1.0" encoding="UTF-8"?>
<!-- Generated by org.testng.reporters.JUnitReportReporter -->
<testsuite hostname="LAPTOP-AFKI2CGS" failures="0" tests="1" name="UserActions.ChequeBookRequest" time="41.814" errors="0" timestamp="2021-08-30T20:50:43 IST" skipped="0">
  <testcase classname="UserActions.ChequeBookRequest" name="chequeBookRequest" time="41.814"/>
  <system-out/>
</testsuite> <!-- UserActions.ChequeBookRequest -->
