<?xml version="1.0" encoding="UTF-8"?>
<!-- Generated by org.testng.reporters.JUnitReportReporter -->
<testsuite hostname="LAPTOP-AFKI2CGS" failures="0" tests="1" name="TestNg.TestNgClass" time="0.006" errors="0" timestamp="2021-08-31T22:58:34 IST" skipped="0">
  <testcase classname="TestNg.TestNgClass" name="LoanTest" time="0.006"/>
  <system-out/>
</testsuite> <!-- TestNg.TestNgClass -->
